Determining if the pthread_create exist failed with the following output:
Change Dir: /home/nvidia/Desktop/Floyd/build/CMakeFiles/CMakeTmp

Run Build Command:"/usr/bin/make" "cmTC_0ec1c/fast"
/usr/bin/make -f CMakeFiles/cmTC_0ec1c.dir/build.make CMakeFiles/cmTC_0ec1c.dir/build
make[1]: Entering directory '/home/nvidia/Desktop/Floyd/build/CMakeFiles/CMakeTmp'
Building C object CMakeFiles/cmTC_0ec1c.dir/CheckSymbolExists.c.o
/usr/bin/cc   -fPIC    -o CMakeFiles/cmTC_0ec1c.dir/CheckSymbolExists.c.o   -c /home/nvidia/Desktop/Floyd/build/CMakeFiles/CMakeTmp/CheckSymbolExists.c
Linking C executable cmTC_0ec1c
/usr/bin/cmake -E cmake_link_script CMakeFiles/cmTC_0ec1c.dir/link.txt --verbose=1
/usr/bin/cc -fPIC     CMakeFiles/cmTC_0ec1c.dir/CheckSymbolExists.c.o  -o cmTC_0ec1c 
CMakeFiles/cmTC_0ec1c.dir/CheckSymbolExists.c.o: In function `main':
CheckSymbolExists.c:(.text+0x14): undefined reference to `pthread_create'
CheckSymbolExists.c:(.text+0x18): undefined reference to `pthread_create'
collect2: error: ld returned 1 exit status
CMakeFiles/cmTC_0ec1c.dir/build.make:97: recipe for target 'cmTC_0ec1c' failed
make[1]: *** [cmTC_0ec1c] Error 1
make[1]: Leaving directory '/home/nvidia/Desktop/Floyd/build/CMakeFiles/CMakeTmp'
Makefile:126: recipe for target 'cmTC_0ec1c/fast' failed
make: *** [cmTC_0ec1c/fast] Error 2

File /home/nvidia/Desktop/Floyd/build/CMakeFiles/CMakeTmp/CheckSymbolExists.c:
/* */
#include <pthread.h>

int main(int argc, char** argv)
{
  (void)argv;
#ifndef pthread_create
  return ((int*)(&pthread_create))[argc];
#else
  (void)argc;
  return 0;
#endif
}

Determining if the function pthread_create exists in the pthreads failed with the following output:
Change Dir: /home/nvidia/Desktop/Floyd/build/CMakeFiles/CMakeTmp

Run Build Command:"/usr/bin/make" "cmTC_9650d/fast"
/usr/bin/make -f CMakeFiles/cmTC_9650d.dir/build.make CMakeFiles/cmTC_9650d.dir/build
make[1]: Entering directory '/home/nvidia/Desktop/Floyd/build/CMakeFiles/CMakeTmp'
Building C object CMakeFiles/cmTC_9650d.dir/CheckFunctionExists.c.o
/usr/bin/cc   -fPIC -DCHECK_FUNCTION_EXISTS=pthread_create   -o CMakeFiles/cmTC_9650d.dir/CheckFunctionExists.c.o   -c /usr/share/cmake-3.10/Modules/CheckFunctionExists.c
Linking C executable cmTC_9650d
/usr/bin/cmake -E cmake_link_script CMakeFiles/cmTC_9650d.dir/link.txt --verbose=1
/usr/bin/cc -fPIC -DCHECK_FUNCTION_EXISTS=pthread_create    CMakeFiles/cmTC_9650d.dir/CheckFunctionExists.c.o  -o cmTC_9650d -lpthreads 
/usr/bin/ld: cannot find -lpthreads
collect2: error: ld returned 1 exit status
CMakeFiles/cmTC_9650d.dir/build.make:97: recipe for target 'cmTC_9650d' failed
make[1]: *** [cmTC_9650d] Error 1
make[1]: Leaving directory '/home/nvidia/Desktop/Floyd/build/CMakeFiles/CMakeTmp'
Makefile:126: recipe for target 'cmTC_9650d/fast' failed
make: *** [cmTC_9650d/fast] Error 2


